<?xml version="1.0" encoding="UTF-8"?>
<!-- Generated by org.testng.reporters.JUnitXMLReporter -->
<testsuite ignored="0" hostname="YogiNiki" failures="1" tests="3" name="CarLoan" time="0.028" errors="0" timestamp="2024-01-19T18:04:47 GMT-05:00">
  <testcase classname="TestPackage.basicTest4" name="HomeLoginAPI" time="0.01">
    <failure type="java.lang.AssertionError" message="expected [true] but found [false]">
      <![CDATA[java.lang.AssertionError: expected [true] but found [false]
at TestPackage.basicTest4.HomeLoginAPI(basicTest4.java:32)
at java.base/java.util.ArrayList.forEach(ArrayList.java:1511)
... Removed 31 stack frames]]>
    </failure>
  </testcase> <!-- HomeLoginAPI -->
  <testcase classname="TestPackage.basicTest4" name="HomeMobilelogin" time="0.002"/>
  <testcase classname="TestPackage.basicTest4" name="HomeWeblogin" time="0.002"/>
</testsuite> <!-- CarLoan -->
