<?xml version="1.0" encoding="UTF-8"?>
<!-- Generated by org.testng.reporters.JUnitXMLReporter -->
<testsuite ignored="2" hostname="YogiNiki" failures="1" tests="1" name="HomeLoan" time="0.011" errors="0" timestamp="2024-01-19T18:04:47 GMT-05:00">
  <testcase classname="TestPackage.basicTest3" name="CarWeblogin" time="0.0">
    <failure type="org.testng.TestNGException" message="
Method public void TestPackage.basicTest3.CarWeblogin(java.lang.String,java.lang.String) requires a @DataProvider named : getdata">
      <![CDATA[org.testng.TestNGException: 
Method public void TestPackage.basicTest3.CarWeblogin(java.lang.String,java.lang.String) requires a @DataProvider named : getdata
at java.base/java.util.ArrayList.forEach(ArrayList.java:1511)
... Removed 24 stack frames]]>
    </failure>
  </testcase> <!-- CarWeblogin -->
  <testcase classname="TestPackage.basicTest3" name="CarLoginAPI" time="0.0">
    <ignored/>
  </testcase> <!-- CarLoginAPI -->
  <testcase classname="TestPackage.basicTest3" name="CarMobilelogin" time="0.0">
    <ignored/>
  </testcase> <!-- CarMobilelogin -->
</testsuite> <!-- HomeLoan -->
