<?xml version="1.0" encoding="UTF-8"?>
<!-- Generated by org.testng.reporters.JUnitXMLReporter -->
<testsuite ignored="1" hostname="YogiNiki" failures="0" tests="2" name="Test" time="0.063" errors="0" timestamp="2024-01-19T18:04:47 GMT-05:00">
  <testcase classname="TestPackage.basicTest" name="Demo2" time="0.007"/>
  <testcase classname="TestPackage.basicTest2" name="testclass" time="0.003"/>
  <testcase classname="TestPackage.basicTest" name="Demo" time="0.0">
    <ignored/>
  </testcase> <!-- Demo -->
</testsuite> <!-- Test -->
